<?xml version="1.0" encoding="UTF-8"?>
<testng-results skipped="0" failed="0" ignored="0" total="1" passed="1">
  <reporter-output>
  </reporter-output>
  <suite name="Default suite" duration-ms="28551" started-at="2020-02-14T02:54:05Z" finished-at="2020-02-14T02:54:33Z">
    <groups>
    </groups>
    <test name="Default test" duration-ms="28551" started-at="2020-02-14T02:54:05Z" finished-at="2020-02-14T02:54:33Z">
      <class name="com.training.sanity.tests.CatgAdvTests">
        <test-method status="PASS" signature="setUpBeforeClass()[pri:0, instance:com.training.sanity.tests.CatgAdvTests@3cef309d]" name="setUpBeforeClass" is-config="true" duration-ms="15" started-at="2020-02-14T02:54:05Z" finished-at="2020-02-14T02:54:05Z">
          <reporter-output>
          </reporter-output>
        </test-method> <!-- setUpBeforeClass -->
        <test-method status="PASS" signature="setUp()[pri:0, instance:com.training.sanity.tests.CatgAdvTests@3cef309d]" name="setUp" is-config="true" duration-ms="17827" started-at="2020-02-14T02:54:05Z" finished-at="2020-02-14T02:54:22Z">
          <reporter-output>
          </reporter-output>
        </test-method> <!-- setUp -->
        <test-method status="PASS" signature="validLoginTest()[pri:0, instance:com.training.sanity.tests.CatgAdvTests@3cef309d]" name="validLoginTest" duration-ms="8748" started-at="2020-02-14T02:54:22Z" finished-at="2020-02-14T02:54:31Z">
          <reporter-output>
          </reporter-output>
        </test-method> <!-- validLoginTest -->
        <test-method status="PASS" signature="tearDown()[pri:0, instance:com.training.sanity.tests.CatgAdvTests@3cef309d]" name="tearDown" is-config="true" duration-ms="1925" started-at="2020-02-14T02:54:31Z" finished-at="2020-02-14T02:54:33Z">
          <reporter-output>
          </reporter-output>
        </test-method> <!-- tearDown -->
      </class> <!-- com.training.sanity.tests.CatgAdvTests -->
    </test> <!-- Default test -->
  </suite> <!-- Default suite -->
</testng-results>
