<?xml version="1.0" encoding="UTF-8"?>
<testng-results skipped="0" failed="0" ignored="0" total="1" passed="1">
  <reporter-output>
  </reporter-output>
  <suite name="Default suite" duration-ms="18689" started-at="2020-02-13T19:05:31Z" finished-at="2020-02-13T19:05:50Z">
    <groups>
    </groups>
    <test name="Default test" duration-ms="18689" started-at="2020-02-13T19:05:31Z" finished-at="2020-02-13T19:05:50Z">
      <class name="practice.adv">
        <test-method status="PASS" signature="catg()[pri:0, instance:practice.adv@50c87b21]" name="catg" duration-ms="18651" started-at="2020-02-13T19:05:31Z" finished-at="2020-02-13T19:05:50Z">
          <reporter-output>
          </reporter-output>
        </test-method> <!-- catg -->
      </class> <!-- practice.adv -->
    </test> <!-- Default test -->
  </suite> <!-- Default suite -->
</testng-results>
